<?xml version="1.0" encoding="UTF-8"?>
<testsuite name="org.pantha.infomata.service.CustomerControllerTest" time="0.541" tests="1" errors="0" skipped="0" failures="1">
  <properties>
[...]
</properties>
  <testcase name="getCustomer" classname="org.pantha.infomata.service.CustomerControllerTest" time="0.541">
    <failure message="Status expected:&lt;200&gt; but was:&lt;404&gt;" type="java.lang.AssertionError"><![CDATA[java.lang.AssertionError: Status expected:<200> but was:<404>
	at org.springframework.test.util.AssertionErrors.fail(AssertionErrors.java:60)
	at org.springframework.test.util.AssertionErrors.assertEquals(AssertionErrors.java:89)
	at org.springframework.test.web.servlet.result.StatusResultMatchers$10.match(StatusResultMatchers.java:653)
	at org.springframework.test.web.servlet.MockMvc$1.andExpect(MockMvc.java:152)
	at org.pantha.infomata.service.CustomerControllerTest.getCustomer(CustomerControllerTest.java:35)
]]></failure>
    <system-out><![CDATA[20:53:08.610 [main] DEBUG o.s.t.c.j.SpringJUnit4ClassRunner - SpringJUnit4ClassRunner constructor called with [class org.pantha.infomata.service.CustomerControllerTest].
20:53:08.618 [main] DEBUG o.s.test.context.BootstrapUtils - Instantiating TestContextBootstrapper from class [org.springframework.test.context.web.WebTestContextBootstrapper]
20:53:08.639 [main] DEBUG o.s.t.c.w.WebTestContextBootstrapper - Found explicit ContextLoader class [org.springframework.boot.test.SpringApplicationContextLoader] for context configuration attributes [ContextConfigurationAttributes@3b0143d3 declaringClass = 'org.pantha.infomata.service.CustomerControllerTest', classes = '{class org.springframework.mock.web.MockServletContext}', locations = '{}', inheritLocations = true, initializers = '{}', inheritInitializers = true, name = [null], contextLoaderClass = 'org.springframework.boot.test.SpringApplicationContextLoader']
20:53:08.645 [main] DEBUG o.s.t.c.support.ActiveProfilesUtils - Could not find an 'annotation declaring class' for annotation type [org.springframework.test.context.ActiveProfiles] and class [org.pantha.infomata.service.CustomerControllerTest]
20:53:08.650 [main] DEBUG o.s.t.c.w.WebTestContextBootstrapper - @TestExecutionListeners is not present for class [org.pantha.infomata.service.CustomerControllerTest]: using defaults.
20:53:08.659 [main] INFO  o.s.t.c.w.WebTestContextBootstrapper - Loaded default TestExecutionListener class names from location [META-INF/spring.factories]: [org.springframework.test.context.web.ServletTestExecutionListener, org.springframework.test.context.support.DependencyInjectionTestExecutionListener, org.springframework.test.context.support.DirtiesContextTestExecutionListener, org.springframework.test.context.transaction.TransactionalTestExecutionListener, org.springframework.test.context.jdbc.SqlScriptsTestExecutionListener]
20:53:08.682 [main] INFO  o.s.t.c.w.WebTestContextBootstrapper - Using TestExecutionListeners: [org.springframework.test.context.web.ServletTestExecutionListener@51e2adc7, org.springframework.test.context.support.DependencyInjectionTestExecutionListener@1a8a8f7c, org.springframework.test.context.support.DirtiesContextTestExecutionListener@2353b3e6, org.springframework.test.context.transaction.TransactionalTestExecutionListener@631330c, org.springframework.test.context.jdbc.SqlScriptsTestExecutionListener@42f93a98]
20:53:08.685 [main] DEBUG o.s.t.annotation.ProfileValueUtils - Retrieved @ProfileValueSourceConfiguration [null] for test class [org.pantha.infomata.service.CustomerControllerTest]
20:53:08.686 [main] DEBUG o.s.t.annotation.ProfileValueUtils - Retrieved ProfileValueSource type [class org.springframework.test.annotation.SystemProfileValueSource] for class [org.pantha.infomata.service.CustomerControllerTest]
20:53:08.688 [main] DEBUG o.s.t.annotation.ProfileValueUtils - Retrieved @ProfileValueSourceConfiguration [null] for test class [org.pantha.infomata.service.CustomerControllerTest]
20:53:08.688 [main] DEBUG o.s.t.annotation.ProfileValueUtils - Retrieved ProfileValueSource type [class org.springframework.test.annotation.SystemProfileValueSource] for class [org.pantha.infomata.service.CustomerControllerTest]
20:53:08.690 [main] DEBUG o.s.t.annotation.ProfileValueUtils - Retrieved @ProfileValueSourceConfiguration [null] for test class [org.pantha.infomata.service.CustomerControllerTest]
20:53:08.690 [main] DEBUG o.s.t.annotation.ProfileValueUtils - Retrieved ProfileValueSource type [class org.springframework.test.annotation.SystemProfileValueSource] for class [org.pantha.infomata.service.CustomerControllerTest]
20:53:08.757 [main] DEBUG o.s.core.env.StandardEnvironment - Adding [systemProperties] PropertySource with lowest search precedence
20:53:08.759 [main] DEBUG o.s.core.env.StandardEnvironment - Adding [systemEnvironment] PropertySource with lowest search precedence
20:53:08.760 [main] DEBUG o.s.core.env.StandardEnvironment - Initialized StandardEnvironment with PropertySources [systemProperties,systemEnvironment]
20:53:08.761 [main] DEBUG o.s.core.env.StandardEnvironment - Adding [integrationTest] PropertySource with search precedence immediately lower than [systemEnvironment]

  .   ____          _            __ _ _
 /\\ / ___'_ __ _ _(_)_ __  __ _ \ \ \ \
( ( )\___ | '_ | '_| | '_ \/ _` | \ \ \ \
 \\/  ___)| |_)| | | | | || (_| |  ) ) ) )
  '  |____| .__|_| |_|_| |_\__, | / / / /
 =========|_|==============|___/=/_/_/_/
 :: Spring Boot ::        (v1.2.4.RELEASE)

2015-06-28 20:53:08.970  INFO 8672 --- [           main] o.p.i.service.CustomerControllerTest     : Starting CustomerControllerTest on sourabh-latitude-e5540 with PID 8672 (/home/sourabh/Downloads/customer_infomata/target/test-classes started by sourabh in /home/sourabh/Downloads/customer_infomata)
2015-06-28 20:53:08.999  INFO 8672 --- [           main] o.s.w.c.s.GenericWebApplicationContext   : Refreshing org.springframework.web.context.support.GenericWebApplicationContext@635eaaf1: startup date [Sun Jun 28 20:53:08 IST 2015]; root of context hierarchy
2015-06-28 20:53:09.069  INFO 8672 --- [           main] o.p.i.service.CustomerControllerTest     : Started CustomerControllerTest in 0.29 seconds (JVM running for 0.969)
2015-06-28 20:53:09.545  INFO 8672 --- [           main] s.w.s.m.m.a.RequestMappingHandlerAdapter : Looking for @ControllerAdvice: org.springframework.test.web.servlet.setup.StubWebApplicationContext@77eca502
2015-06-28 20:53:09.599  INFO 8672 --- [           main] o.s.mock.web.MockServletContext          : Initializing Spring FrameworkServlet ''
2015-06-28 20:53:09.599  INFO 8672 --- [           main] o.s.t.web.servlet.TestDispatcherServlet  : FrameworkServlet '': initialization started
2015-06-28 20:53:09.600  INFO 8672 --- [           main] o.s.t.web.servlet.TestDispatcherServlet  : FrameworkServlet '': initialization completed in 1 ms
2015-06-28 20:53:09.622  WARN 8672 --- [           main] o.s.web.servlet.PageNotFound             : No mapping found for HTTP request with URI [/api/customer] in DispatcherServlet with name ''
]]></system-out>
  </testcase>
</testsuite>